<?xml version="1.0" encoding="UTF-8"?>
<testng-results total="2" passed="2" failed="0" skipped="0">
  <reporter-output>
  </reporter-output>
  <suite started-at="2021-02-09T10:10:13Z" name="Suite" finished-at="2021-02-09T10:10:37Z" duration-ms="23597">
    <groups>
      <group name="cucumber">
        <method signature="AbstractTestNGCucumberTests.feature(cucumber.api.testng.CucumberFeatureWrapper)[pri:0, instance:runners.testrunnersample@46cdf8bd]" name="feature" class="cucumber.api.testng.AbstractTestNGCucumberTests"/>
      </group> <!-- cucumber -->
    </groups>
    <test started-at="2021-02-09T10:10:13Z" name="Test" finished-at="2021-02-09T10:10:37Z" duration-ms="23597">
      <class name="runners.testrunnersample">
        <test-method is-config="true" signature="setUpClass()[pri:0, instance:runners.testrunnersample@46cdf8bd]" started-at="2021-02-09T15:40:13Z" name="setUpClass" finished-at="2021-02-09T15:40:14Z" duration-ms="401" status="PASS">
          <reporter-output>
          </reporter-output>
        </test-method> <!-- setUpClass -->
        <test-method is-config="true" signature="setup()[pri:0, instance:runners.testrunnersample@46cdf8bd]" started-at="2021-02-09T15:40:14Z" name="setup" finished-at="2021-02-09T15:40:14Z" duration-ms="455" status="PASS">
          <reporter-output>
          </reporter-output>
        </test-method> <!-- setup -->
        <test-method signature="feature(cucumber.api.testng.CucumberFeatureWrapper)[pri:0, instance:runners.testrunnersample@46cdf8bd]" started-at="2021-02-09T15:40:14Z" name="feature" description="Runs Cucumber Feature" data-provider="features" finished-at="2021-02-09T15:40:28Z" duration-ms="13576" status="PASS">
          <params>
            <param index="0">
              <value>
                <![CDATA[De-Register Taxtype]]>
              </value>
            </param>
          </params>
          <reporter-output>
          </reporter-output>
        </test-method> <!-- feature -->
        <test-method signature="feature(cucumber.api.testng.CucumberFeatureWrapper)[pri:0, instance:runners.testrunnersample@46cdf8bd]" started-at="2021-02-09T15:40:28Z" name="feature" description="Runs Cucumber Feature" data-provider="features" finished-at="2021-02-09T15:40:37Z" duration-ms="8920" status="PASS">
          <params>
            <param index="0">
              <value>
                <![CDATA[De-Register Taxtype]]>
              </value>
            </param>
          </params>
          <reporter-output>
          </reporter-output>
        </test-method> <!-- feature -->
        <test-method is-config="true" signature="tearDownClass()[pri:0, instance:runners.testrunnersample@46cdf8bd]" started-at="2021-02-09T15:40:37Z" name="tearDownClass" finished-at="2021-02-09T15:40:37Z" duration-ms="97" status="PASS">
          <reporter-output>
          </reporter-output>
        </test-method> <!-- tearDownClass -->
      </class> <!-- runners.testrunnersample -->
    </test> <!-- Test -->
  </suite> <!-- Suite -->
</testng-results>
